<?xml version="1.0" encoding="UTF-8"?>
<!-- Generated by org.testng.reporters.JUnitReportReporter -->
<testsuite hostname="LAPTOP-1ELAPOQP" failures="0" tests="1" name="com.learnautomation.main.MainTest" time="0.986" errors="0" timestamp="2022-12-14T17:35:37 IST" skipped="0">
  <testcase classname="com.learnautomation.main.MainTest" name="loginApp" time="0.986"/>
  <system-out/>
</testsuite> <!-- com.learnautomation.main.MainTest -->
