<?xml version="1.0" encoding="UTF-8"?>
<!-- Generated by org.testng.reporters.JUnitReportReporter -->
<testsuite hostname="LAPTOP-1ELAPOQP" failures="0" tests="1" name="firstTest" time="17.171" errors="0" timestamp="2022-11-27T11:07:57 IST" skipped="0">
  <testcase classname="firstTest" name="titleTest" time="17.171"/>
  <system-out/>
</testsuite> <!-- firstTest -->
